---------------------------------------------------------------------------------------------------------------------------
BMW Scanner v1.4.0.9 (19.09.2011) - P.A.Soft, 2011  HW: V144Bn9                                   Time: 20:33:52 09.08.2025
---------------------------------------------------------------------------------------------------------------------------


                          ZCS coding : /-------- IKE --------\ /-------- EWS --------\
                             Chassis :  E38                     E38
                               Model :  730tds                  730tds
                            Type key :  GE61                    GE61
                              Engine :  M57D30                  M57D30
                             Gearbox :  Automatic               Automatic
                                 VIN :  DN44581                 WBAGE61030DN44581
                              ZCS GM :  40610100-X              40610100-X
                              ZCS SA :  2001007684915262-L      2001007684915262-L
                              ZCS VN :  1D042840C7-K            1D042840C7-K


---------------------------------------------------------------------------------------------------------------------------
Unit      BMWTNR     HW  SW-FSW       CI  DI    BI/VI  Date    Odometer    VIN                ADFG     Algorithm
---------------------------------------------------------------------------------------------------------------------------
EWS   ->  6.905.667  03  08           81  81    07     28/99   917504 km   WBAGE61030DN44581  FFFFFF   EWS3
DDE*  ->  7.789.376  53  C0           01  16    60     30/01   309620 km   WBAGE61030DN44581  000000   DDE4.0 M57
ABS   ->  6.758.971  55  03           10  16    3C     06/01   -           -                  -        DSC5.7
IKE   ->  6.914.879  19  15           12  09    12     03/03   309623 km   DN44581            FFFFFF   M35080 - 1 (IKI)
